<li>Capgemini : <a href=https://lnkd.in/dZBUYY88>Click Me</a></li>
<li>Infosys : <a href=https://lnkd.in/dEcdZ7gf>Click Me</a></li>
<li>Wipro : <a href=https://lnkd.in/d89txDcp>Click Me</a></li>
<li>Cognizant : <a href=https://lnkd.in/d6tp6F_p>Click Me</a></li>
<li>LTI : <a href=https://lnkd.in/dnCVuQzD>Click Me</a></li>
<li>TCS : <a href=https://lnkd.in/dJpHXdvv>Click Me</a></li>
<li>DXC Technology : <a href=https://lnkd.in/dnVzT7eb>Click Me</a></li>
<li>HCL : <a href=https://lnkd.in/dwTuQWAf>Click Me</a></li>
<li>Hashedin : <a href=https://lnkd.in/d2ePnTG4>Click Me</a></li>
<li>Hexaware : <a href=https://jobs.hexaware.com/>Click Me</a></li>
<li>Revature : <a href=https://lnkd.in/dtJkkrBp>Click Me</a></li>
<li>IBM : <a href=https://lnkd.in/dU-VhUCw>Click Me</a></li>
<li>Nagarro : <a href=https://lnkd.in/dRyQ_rkk>Click Me</a></li>
<li>Virtusa : <a href=https://lnkd.in/dHJwPXiG>Click Me</a></li>
<li>Zoho : <a href=https://lnkd.in/dUw9Qi4B>Click Me</a></li>
<li>CGI : <a href=https://lnkd.in/d3vs3whb>Click Me</a></li>
<li>Finastra : <a href=https://lnkd.in/dsXSfUev>Click Me</a></li>
<li>FIS : <a href=https://lnkd.in/dJCX6aVz>Click Me</a></li>
<li>Fiserv : <a href=https://lnkd.in/d7inSReM>Click Me</a></li>
<li>IQVIA : <a href=https://lnkd.in/dsxAXftw>Click Me</a></li>
<li>JIO : <a href=https://lnkd.in/dqVxSNgW>Click Me</a></li>
<li>MAQ Software : <a href=https://lnkd.in/d2dkHExY>Click Me</a></li>
<li>Optum: <a href=https://lnkd.in/dvxb_7ds>Click Me</a></li>
<li>Publicis Sapient : <a href=https://lnkd.in/d6G3tHUF>Click Me</a></li>
<li>Geekyants : <a href=https://lnkd.in/dDKQVqv2>Click Me</a></li>
<li>Accolite : <a href=https://lnkd.in/dDN5PWQk>Click Me</a></li>
<li>Airtel: <a href=ttps://lnkd.in/d9i9YwjV>Click Me</a></li>
<li>EA : <a href=https://lnkd.in/dHTe2pFc>Click Me</a></li>
<li>Gartner : <a href=https://lnkd.in/dgsH4KUz>Click Me</a></li>
<li>HARMAN : <a href=https://lnkd.in/dBP_hSFE>Click Me</a></li>
<li>Yellow[.]ai : <a href=https://lnkd.in/dUPgitVf>Click Me</a></li>
<li>Seimens : <a href=https://lnkd.in/df4czTeb>Click Me</a></li>
<li>Samsung : <a href=https://lnkd.in/d5gUrDxq>Click Me</a></li>
<li>Vmware : <a href=https://lnkd.in/d7zgbhXk>Click Me</a></li>
<li>Adobe : <a href=https://lnkd.in/dMWhmAKZ>Click Me</a></li>
<li>Amazon : <a href=https://lnkd.in/dSYUatGR>Click Me</a></li>
<li>Cadence Design Systems : <a href=https://lnkd.in/dAjV2Df4>Click Me</a></li>
<li>CleverTap: <a href=https://lnkd.in/dUNg4sZP>Click Me</a></li>
<li>Cisco: <a href=https://jobs.cisco.com/>Click Me</a></li>
<li>Dunzo: <a href=https://lnkd.in/d5ZUmmG6>Click Me</a></li>
<li>FamPay: <a href=https://apply.fampay.in/>Click Me</a></li>
<li>Flipkart: <a href=https://lnkd.in/d_9WfsNY>Click Me</a></li>
<li>Google: <a href=https://lnkd.in/dGMfCuRs>Click Me</a></li>
<li>Hackererath : <a href=https://lnkd.in/ds2n7SNb>Click Me</a></li>
<li>Morgan Sanley : <a href=https://lnkd.in/d53kRcp3>Click Me</a></li>
<li>EY: <a href=https://lnkd.in/d9MbsS3V>Click Me</a></li>
<li>MyGate: <a href=https://lnkd.in/d5pTjwxs>Click Me</a></li>
<li>McAfee : <a href=https://lnkd.in/d7vST4g6>Click Me</a></li>
<li>Oracle : <a href=https://lnkd.in/dDDbnZMu>Click Me</a></li>
<li>Microsoft : <a href=https://lnkd.in/dKt2drwp>Click Me</a></li>
<li>PhonePe : <a href=https://lnkd.in/dtTZzhXn>Click Me</a></li>
<li>PWC : <a href=https://lnkd.in/d4b8DTft>Click Me</a></li>
<li>Rakuten : <a href=https://lnkd.in/dRuSSrq2>Click Me</a></li>
<li>Razorpay : <a href=https://lnkd.in/dveHTU3p>Click Me</a></li>
<li>SAP: <a href=https://lnkd.in/dDVKcPST>Click Me</a></li>
<li>Media[.]net : <a href=https://lnkd.in/dfti6QZ8>Click Me</a></li>
<li>Twilio: <a href=https://lnkd.in/dskmG6eT>Click Me</a></li>
