1
2
3
4
5
6
7
8
9
10
20
22
30
36
40
44
50
60
63
66
70
80
88
90
100
101
102
103
104
105
106
107
108
109
110
120
123
130
132
138
140
145
150
154
159
160
167
170
176
180
183
189
190
195
198
200
201
202
203
204
205
206
207
208
209
210
213
220
224
230
231
235
240
242
246
250
253
257
260
264
268
270
275
279
280
286
290
297
300
301
302
303
304
305
306
307
308
309
310
312
318
320
321
325
330
333
340
345
347
350
352
354
357
360
369
370
374
375
380
381
390
396
400
401
402
403
404
405
406
407
408
409
410
415
420
422
426
430
435
437
440
448
450
451
453
456
459
460
462
465
466
470
473
480
484
490
495
500
501
502
503
504
505
506
507
508
509
510
514
519
520
523
527
530
532
534
537
540
541
543
546
549
550
560
564
570
572
573
578
579
580
587
590
591
594
597
600
601
602
603
604
605
606
607
608
609
610
617
620
624
628
630
639
640
642
645
646
650
654
660
664
666
670
671
678
680
682
687
690
693
700
701
702
703
704
705
706
707
708
709
710
716
720
725
729
730
734
735
740
743
750
752
753
758
759
760
761
768
770
780
785
786
789
790
792
795
798
800
801
802
803
804
805
806
807
808
809
810
813
819
820
826
830
831
840
844
850
857
860
862
867
870
875
876
879
880
890
891
897
900
901
902
903
904
905
906
907
908
909
910
915
918
920
927
930
936
940
945
950
951
954
957
960
963
970
972
975
978
980
981
987
990
999
